mode: set
github.com/BlindGarret/lexorank/base26/base26.go:11.32,13.14 2 1
github.com/BlindGarret/lexorank/base26/base26.go:13.14,17.3 2 1
github.com/BlindGarret/lexorank/base26/base26.go:19.2,20.23 2 1
github.com/BlindGarret/lexorank/base26/base26.go:23.30,29.19 6 1
github.com/BlindGarret/lexorank/base26/base26.go:29.19,34.3 4 1
github.com/BlindGarret/lexorank/base26/base26.go:35.2,35.15 1 1
github.com/BlindGarret/lexorank/helpers.go:10.109,12.26 2 1
github.com/BlindGarret/lexorank/helpers.go:12.26,15.3 1 1
github.com/BlindGarret/lexorank/helpers.go:16.2,22.42 4 1
github.com/BlindGarret/lexorank/helpers.go:25.62,30.20 5 1
github.com/BlindGarret/lexorank/helpers.go:30.20,33.3 1 1
github.com/BlindGarret/lexorank/helpers.go:33.8,35.3 1 1
github.com/BlindGarret/lexorank/helpers.go:38.66,39.31 1 1
github.com/BlindGarret/lexorank/helpers.go:39.31,41.3 1 1
github.com/BlindGarret/lexorank/helpers.go:42.2,42.31 1 1
github.com/BlindGarret/lexorank/helpers.go:42.31,44.3 1 1
github.com/BlindGarret/lexorank/helpers.go:45.2,45.22 1 1
github.com/BlindGarret/lexorank/helpers.go:48.66,49.21 1 1
github.com/BlindGarret/lexorank/helpers.go:49.21,51.3 1 1
github.com/BlindGarret/lexorank/helpers.go:52.2,52.38 1 1
github.com/BlindGarret/lexorank/helpers.go:58.68,60.2 1 1
github.com/BlindGarret/lexorank/helpers.go:61.68,63.2 1 1
github.com/BlindGarret/lexorank/helpers.go:65.40,66.37 1 1
github.com/BlindGarret/lexorank/helpers.go:66.37,68.3 1 1
github.com/BlindGarret/lexorank/helpers.go:69.2,69.26 1 1
github.com/BlindGarret/lexorank/helpers.go:72.64,74.2 1 1
github.com/BlindGarret/lexorank/public.go:33.93,35.16 2 1
github.com/BlindGarret/lexorank/public.go:35.16,37.3 1 1
github.com/BlindGarret/lexorank/public.go:38.2,41.32 4 1
github.com/BlindGarret/lexorank/public.go:41.32,43.3 1 1
github.com/BlindGarret/lexorank/public.go:45.2,55.8 2 1
github.com/BlindGarret/lexorank/public.go:59.33,63.2 3 1
github.com/BlindGarret/lexorank/public.go:66.41,68.2 1 1
github.com/BlindGarret/lexorank/public.go:71.66,73.39 2 1
github.com/BlindGarret/lexorank/public.go:73.39,75.3 1 1
github.com/BlindGarret/lexorank/public.go:76.2,77.16 2 1
github.com/BlindGarret/lexorank/public.go:77.16,79.3 1 1
github.com/BlindGarret/lexorank/public.go:80.2,81.8 2 1
github.com/BlindGarret/lexorank/public.go:85.59,87.16 2 1
github.com/BlindGarret/lexorank/public.go:87.16,89.3 1 1
github.com/BlindGarret/lexorank/public.go:91.2,92.16 2 1
github.com/BlindGarret/lexorank/public.go:92.16,94.3 1 1
github.com/BlindGarret/lexorank/public.go:96.2,97.20 2 1
github.com/BlindGarret/lexorank/public.go:97.20,102.3 1 1
github.com/BlindGarret/lexorank/public.go:103.2,107.8 1 1
github.com/BlindGarret/lexorank/public.go:110.86,112.16 2 1
github.com/BlindGarret/lexorank/public.go:112.16,114.3 1 1
github.com/BlindGarret/lexorank/public.go:115.2,116.16 2 1
github.com/BlindGarret/lexorank/public.go:116.16,118.3 1 1
github.com/BlindGarret/lexorank/public.go:120.2,121.23 2 1
github.com/BlindGarret/lexorank/public.go:121.23,126.3 1 1
github.com/BlindGarret/lexorank/public.go:127.2,131.60 4 1
github.com/BlindGarret/lexorank/public.go:131.60,134.3 1 1
github.com/BlindGarret/lexorank/public.go:135.2,135.33 1 1
github.com/BlindGarret/lexorank/public.go:135.33,141.3 1 1
github.com/BlindGarret/lexorank/public.go:143.2,143.50 1 1
